1614947067156	geckodriver	INFO	Listening on 127.0.0.1:50173
1614947070202	mozrunner::runner	INFO	Running command: "C:\\Program Files\\Mozilla Firefox\\firefox.exe" "--marionette" "-foreground" "-no-remote" "-profile" "C:\\Users\\SOHAIL~1\\AppData\\Local\\Temp\\rust_mozprofilekXkYuC"
console.warn: SearchSettings: "get: No settings file exists, new profile?" (new Error("", "(unknown module)"))
console.warn: SearchSettings: "get: No settings file exists, new profile?" (new Error("", "(unknown module)"))
1614947073104	Marionette	INFO	Listening on port 50184
1614947073384	Marionette	WARN	TLS certificate errors will be ignored for this session
1614947073396	Marionette	ERROR	[15] No reply from Marionette:Register
JavaScript error: https://www.bestbuy.com/~assets/bby/_com/sc-libraries/javascript/libraries-d3479d7f4631b94864264fdd7bdf91f3.js, line 4: Error: AnalyticsQ not available on the page!
JavaScript error: https://www.bestbuy.com/~assets/bby/_com/sc-libraries/javascript/libraries-d3479d7f4631b94864264fdd7bdf91f3.js, line 4: Error: AnalyticsQ not available on the page!
JavaScript error: https://www.bestbuy.com/~assets/bby/_intl/landing_page/js/app.js, line 33: ReferenceError: Cookies is not defined
JavaScript error: https://www.bestbuy.com/~assets/bby/_intl/landing_page/js/app.js, line 33: ReferenceError: Cookies is not defined
JavaScript error: https://www.bestbuy.com/~assets/bby/_com/sc-libraries/javascript/libraries-d3479d7f4631b94864264fdd7bdf91f3.js, line 4: Error: AnalyticsQ not available on the page!
JavaScript error: https://www.bestbuy.com/~assets/bby/_intl/landing_page/js/app.js, line 33: ReferenceError: Cookies is not defined
JavaScript error: https://www.bestbuy.com/~assets/bby/_intl/landing_page/js/app.js, line 33: ReferenceError: Cookies is not defined
IPDL protocol error: Handler returned error code!

###!!! [Parent][DispatchAsyncMessage] Error: PLayerTransaction::Msg_ReleaseLayer Processing error: message was deserialized, but the handler returned false (indicating failure)

IPDL protocol error: Handler returned error code!

###!!! [Parent][DispatchAsyncMessage] Error: PLayerTransaction::Msg_ReleaseLayer Processing error: message was deserialized, but the handler returned false (indicating failure)

IPDL protocol error: Handler returned error code!

###!!! [Parent][DispatchAsyncMessage] Error: PLayerTransaction::Msg_ReleaseLayer Processing error: message was deserialized, but the handler returned false (indicating failure)

IPDL protocol error: Handler returned error code!

###!!! [Parent][DispatchAsyncMessage] Error: PLayerTransaction::Msg_ReleaseLayer Processing error: message was deserialized, but the handler returned false (indicating failure)


###!!! [Child][RunMessage] Error: Channel closing: too late to send/recv, messages will be lost

1614947104105	Marionette	INFO	Stopped listening on port 50184

###!!! [Child][RunMessage] Error: Channel closing: too late to send/recv, messages will be lost

